# JRE version: OpenJDK Runtime Environment (13.0.1+9) (build 13.0.1+9)
# Java VM: OpenJDK 64-Bit Server VM (13.0.1+9, mixed mode, sharing, tiered, compressed oops, g1 gc, bsd-amd64)
Heap:
 garbage-first heap   total 137216K, used 39732K [0x0000000780000000, 0x0000000800000000)
  region size 1024K, 2 young (2048K), 1 survivors (1024K)
 Metaspace       used 17444K, capacity 17789K, committed 18176K, reserved 1064960K
  class space    used 2067K, capacity 2238K, committed 2304K, reserved 1048576K
GC Heap History (10 events):
Event: 16.363 GC heap before
{Heap before GC invocations=0 (full 0):
 garbage-first heap   total 133120K, used 15100K [0x0000000780000000, 0x0000000800000000)
  region size 1024K, 14 young (14336K), 0 survivors (0K)
 Metaspace       used 12941K, capacity 13245K, committed 13440K, reserved 1060864K
  class space    used 1691K, capacity 1838K, committed 1920K, reserved 1048576K
}
Event: 16.378 GC heap after
{Heap after GC invocations=1 (full 0):
 garbage-first heap   total 133120K, used 5873K [0x0000000780000000, 0x0000000800000000)
  region size 1024K, 2 young (2048K), 2 survivors (2048K)
 Metaspace       used 12941K, capacity 13245K, committed 13440K, reserved 1060864K
  class space    used 1691K, capacity 1838K, committed 1920K, reserved 1048576K
}
Event: 24.743 GC heap before
{Heap before GC invocations=1 (full 0):
 garbage-first heap   total 133120K, used 9969K [0x0000000780000000, 0x0000000800000000)
  region size 1024K, 6 young (6144K), 2 survivors (2048K)
 Metaspace       used 13626K, capacity 13939K, committed 14208K, reserved 1060864K
  class space    used 1730K, capacity 1877K, committed 1920K, reserved 1048576K
}
Event: 24.752 GC heap after
{Heap after GC invocations=2 (full 0):
 garbage-first heap   total 133120K, used 6747K [0x0000000780000000, 0x0000000800000000)
  region size 1024K, 1 young (1024K), 1 survivors (1024K)
 Metaspace       used 13626K, capacity 13939K, committed 14208K, reserved 1060864K
  class space    used 1730K, capacity 1877K, committed 1920K, reserved 1048576K
}
Event: 1008.791 GC heap before
{Heap before GC invocations=2 (full 0):
 garbage-first heap   total 133120K, used 27227K [0x0000000780000000, 0x0000000800000000)
  region size 1024K, 22 young (22528K), 1 survivors (1024K)
 Metaspace       used 17183K, capacity 17554K, committed 17920K, reserved 1064960K
  class space    used 2067K, capacity 2228K, committed 2304K, reserved 1048576K
}
Event: 1008.805 GC heap after
{Heap after GC invocations=3 (full 0):
 garbage-first heap   total 133120K, used 11059K [0x0000000780000000, 0x0000000800000000)
  region size 1024K, 3 young (3072K), 3 survivors (3072K)
 Metaspace       used 17183K, capacity 17554K, committed 17920K, reserved 1064960K
  class space    used 2067K, capacity 2228K, committed 2304K, reserved 1048576K
}
Event: 19881.177 GC heap before
{Heap before GC invocations=3 (full 0):
 garbage-first heap   total 133120K, used 55091K [0x0000000780000000, 0x0000000800000000)
  region size 1024K, 8 young (8192K), 3 survivors (3072K)
 Metaspace       used 17292K, capacity 17650K, committed 17920K, reserved 1064960K
  class space    used 2073K, capacity 2260K, committed 2304K, reserved 1048576K
}
Event: 19881.830 GC heap after
{Heap after GC invocations=4 (full 0):
 garbage-first heap   total 133120K, used 51461K [0x0000000780000000, 0x0000000800000000)
  region size 1024K, 1 young (1024K), 1 survivors (1024K)
 Metaspace       used 17292K, capacity 17650K, committed 17920K, reserved 1064960K
  class space    used 2073K, capacity 2260K, committed 2304K, reserved 1048576K
}
Event: 26214.036 GC heap before
{Heap before GC invocations=5 (full 0):
 garbage-first heap   total 137216K, used 84229K [0x0000000780000000, 0x0000000800000000)
  region size 1024K, 8 young (8192K), 1 survivors (1024K)
 Metaspace       used 17444K, capacity 17789K, committed 18176K, reserved 1064960K
  class space    used 2067K, capacity 2238K, committed 2304K, reserved 1048576K
}
Event: 26214.068 GC heap after
{Heap after GC invocations=6 (full 0):
 garbage-first heap   total 137216K, used 39732K [0x0000000780000000, 0x0000000800000000)
  region size 1024K, 1 young (1024K), 1 survivors (1024K)
 Metaspace       used 17444K, capacity 17789K, committed 18176K, reserved 1064960K
  class space    used 2067K, capacity 2238K, committed 2304K, reserved 1048576K
}

